<?xml version="1.0" encoding="UTF-8"?>
<testsuite name="com.bridgelabs.EmployeePayrollServiceTest" tests="1" skipped="0" failures="0" errors="0" timestamp="2021-08-15T14:37:15" hostname="DESKTOP-IB61PHE" time="0.454">
  <properties/>
  <testcase name="givenEmployeePayrollInDB_WhenRetrieved_ShouldMatchEmployeeCount" classname="com.bridgelabs.EmployeePayrollServiceTest" time="0.454"/>
  <system-out><![CDATA[Connecting to database: jdbc:mysql://localhost:3306/payroll_service?useSSL=false
Connection is successful! com.mysql.cj.jdbc.ConnectionImpl@2a1065d4
]]></system-out>
  <system-err><![CDATA[]]></system-err>
</testsuite>
